Determining if the pthread_create exist failed with the following output:
Change Dir: /home/domenico/dk_test/src/build/catkin_tools_prebuild/CMakeFiles/CMakeTmp

Run Build Command:"/usr/bin/make" "cmTC_3d131/fast"
/usr/bin/make -f CMakeFiles/cmTC_3d131.dir/build.make CMakeFiles/cmTC_3d131.dir/build
make[1]: Entering directory '/home/domenico/dk_test/src/build/catkin_tools_prebuild/CMakeFiles/CMakeTmp'
Building C object CMakeFiles/cmTC_3d131.dir/CheckSymbolExists.c.o
/usr/bin/gcc-6    -o CMakeFiles/cmTC_3d131.dir/CheckSymbolExists.c.o   -c /home/domenico/dk_test/src/build/catkin_tools_prebuild/CMakeFiles/CMakeTmp/CheckSymbolExists.c
Linking C executable cmTC_3d131
/usr/bin/cmake -E cmake_link_script CMakeFiles/cmTC_3d131.dir/link.txt --verbose=1
/usr/bin/gcc-6      -rdynamic CMakeFiles/cmTC_3d131.dir/CheckSymbolExists.c.o  -o cmTC_3d131 
CMakeFiles/cmTC_3d131.dir/CheckSymbolExists.c.o: In function `main':
CheckSymbolExists.c:(.text+0x1b): undefined reference to `pthread_create'
collect2: error: ld returned 1 exit status
CMakeFiles/cmTC_3d131.dir/build.make:97: recipe for target 'cmTC_3d131' failed
make[1]: *** [cmTC_3d131] Error 1
make[1]: Leaving directory '/home/domenico/dk_test/src/build/catkin_tools_prebuild/CMakeFiles/CMakeTmp'
Makefile:126: recipe for target 'cmTC_3d131/fast' failed
make: *** [cmTC_3d131/fast] Error 2

File /home/domenico/dk_test/src/build/catkin_tools_prebuild/CMakeFiles/CMakeTmp/CheckSymbolExists.c:
/* */
#include <pthread.h>

int main(int argc, char** argv)
{
  (void)argv;
#ifndef pthread_create
  return ((int*)(&pthread_create))[argc];
#else
  (void)argc;
  return 0;
#endif
}

Determining if the function pthread_create exists in the pthreads failed with the following output:
Change Dir: /home/domenico/dk_test/src/build/catkin_tools_prebuild/CMakeFiles/CMakeTmp

Run Build Command:"/usr/bin/make" "cmTC_8f668/fast"
/usr/bin/make -f CMakeFiles/cmTC_8f668.dir/build.make CMakeFiles/cmTC_8f668.dir/build
make[1]: Entering directory '/home/domenico/dk_test/src/build/catkin_tools_prebuild/CMakeFiles/CMakeTmp'
Building C object CMakeFiles/cmTC_8f668.dir/CheckFunctionExists.c.o
/usr/bin/gcc-6   -DCHECK_FUNCTION_EXISTS=pthread_create   -o CMakeFiles/cmTC_8f668.dir/CheckFunctionExists.c.o   -c /usr/share/cmake-3.10/Modules/CheckFunctionExists.c
Linking C executable cmTC_8f668
/usr/bin/cmake -E cmake_link_script CMakeFiles/cmTC_8f668.dir/link.txt --verbose=1
/usr/bin/gcc-6  -DCHECK_FUNCTION_EXISTS=pthread_create    -rdynamic CMakeFiles/cmTC_8f668.dir/CheckFunctionExists.c.o  -o cmTC_8f668 -lpthreads 
/usr/bin/x86_64-linux-gnu-ld: cannot find -lpthreads
collect2: error: ld returned 1 exit status
CMakeFiles/cmTC_8f668.dir/build.make:97: recipe for target 'cmTC_8f668' failed
make[1]: *** [cmTC_8f668] Error 1
make[1]: Leaving directory '/home/domenico/dk_test/src/build/catkin_tools_prebuild/CMakeFiles/CMakeTmp'
Makefile:126: recipe for target 'cmTC_8f668/fast' failed
make: *** [cmTC_8f668/fast] Error 2


